<?xml version="1.0" encoding="UTF-8"?>
<!-- Generated by org.testng.reporters.JUnitReportReporter -->
<testsuite skipped="1" hostname="IMCOBCP97-MSL1" name="listeners.TestNGListenersDemo1" tests="3" failures="0" timestamp="31 Dec 2020 09:48:22 GMT" time="0.003" errors="0">
  <testcase name="test4" time="0.001" classname="listeners.TestNGListenersDemo1"/>
  <testcase name="test5" time="0.001" classname="listeners.TestNGListenersDemo1"/>
  <testcase name="test6" time="0.001" classname="listeners.TestNGListenersDemo1">
    <skipped/>
  </testcase> <!-- test6 -->
</testsuite> <!-- listeners.TestNGListenersDemo1 -->
