<?xml version="1.0" encoding="UTF-8"?>
<!-- Generated by org.testng.reporters.JUnitReportReporter -->
<testsuite skipped="0" hostname="IMCOBCP97-MSL1" name="testCases.TestNGGroupDemo" tests="2" failures="0" timestamp="31 Dec 2020 11:52:22 GMT" time="0.011" errors="0">
  <testcase name="test2" time="0.010" classname="testCases.TestNGGroupDemo"/>
  <testcase name="test3" time="0.001" classname="testCases.TestNGGroupDemo"/>
</testsuite> <!-- testCases.TestNGGroupDemo -->
