<?xml version="1.0" encoding="UTF-8"?>
<!-- Generated by org.testng.reporters.JUnitReportReporter -->
<testsuite skipped="0" hostname="IMCOBCP97-MSL1" name="testCases.TestNGpriorityDemo" tests="3" failures="0" timestamp="31 Dec 2020 09:54:10 GMT" time="0.011" errors="0">
  <testcase name="test2" time="0.009" classname="testCases.TestNGpriorityDemo"/>
  <testcase name="test3" time="0.001" classname="testCases.TestNGpriorityDemo"/>
  <testcase name="test1" time="0.001" classname="testCases.TestNGpriorityDemo"/>
</testsuite> <!-- testCases.TestNGpriorityDemo -->
