<?xml version="1.0" encoding="UTF-8"?>
<!-- Generated by org.testng.reporters.JUnitReportReporter -->
<testsuite skipped="0" hostname="IMCOBCP97-MSL1" name="testCases.TestNg_Test_1" tests="1" failures="0" timestamp="14 Dec 2020 12:06:27 GMT" time="1.770" errors="0">
  <testcase name="loginTest" time="1.770" classname="testCases.TestNg_Test_1"/>
</testsuite> <!-- testCases.TestNg_Test_1 -->
