<?xml version="1.0" encoding="UTF-8"?>
<!-- Generated by org.testng.reporters.JUnitReportReporter -->
<testsuite skipped="0" hostname="IMCOBCP97-MSL1" name="utils.ExcelDataProvider" tests="5" failures="0" timestamp="30 Dec 2020 10:25:23 GMT" time="31.536" errors="0">
  <testcase name="Test1" time="13.172" classname="utils.ExcelDataProvider"/>
  <testcase name="Test1" time="3.999" classname="utils.ExcelDataProvider"/>
  <testcase name="Test1" time="4.940" classname="utils.ExcelDataProvider"/>
  <testcase name="Test1" time="5.735" classname="utils.ExcelDataProvider"/>
  <testcase name="Test1" time="3.690" classname="utils.ExcelDataProvider"/>
</testsuite> <!-- utils.ExcelDataProvider -->
