<?xml version="1.0" encoding="UTF-8"?>
<!-- Generated by org.testng.reporters.JUnitReportReporter -->
<testsuite skipped="0" hostname="IMCOBCP97-MSL1" name="testCases.TestNgMultuBrowserDemo" tests="2" failures="0" timestamp="31 Dec 2020 14:30:11 GMT" time="150.802" errors="0">
  <testcase name="loginTest" time="38.228" classname="testCases.TestNgMultuBrowserDemo"/>
  <testcase name="loginTest" time="112.574" classname="testCases.TestNgMultuBrowserDemo"/>
</testsuite> <!-- testCases.TestNgMultuBrowserDemo -->
